Flow report for Cyclone_V_revision
Tue Dec 08 21:16:29 2020
Quartus Prime Version 19.1.0 Build 670 09/22/2019 SJ Lite Edition


---------------------
; Table of Contents ;
---------------------
  1. Legal Notice
  2. Flow Summary
  3. Flow Settings
  4. Flow Non-Default Global Settings
  5. Flow Elapsed Time
  6. Flow OS Summary
  7. Flow Log
  8. Flow Messages
  9. Flow Suppressed Messages



----------------
; Legal Notice ;
----------------
Copyright (C) 2019  Intel Corporation. All rights reserved.
Your use of Intel Corporation's design tools, logic functions 
and other software and tools, and any partner logic 
functions, and any output files from any of the foregoing 
(including device programming or simulation files), and any 
associated documentation or information are expressly subject 
to the terms and conditions of the Intel Program License 
Subscription Agreement, the Intel Quartus Prime License Agreement,
the Intel FPGA IP License Agreement, or other applicable license
agreement, including, without limitation, that your use is for
the sole purpose of programming logic devices manufactured by
Intel and sold by Intel or its authorized distributors.  Please
refer to the applicable agreement for further details, at
https://fpgasoftware.intel.com/eula.



+-------------------------------------------------------------------------------+
; Flow Summary                                                                  ;
+---------------------------------+---------------------------------------------+
; Flow Status                     ; Successful - Tue Dec 08 21:16:29 2020       ;
; Quartus Prime Version           ; 19.1.0 Build 670 09/22/2019 SJ Lite Edition ;
; Revision Name                   ; Cyclone_V_revision                          ;
; Top-level Entity Name           ; BION_TOP                                    ;
; Family                          ; Cyclone V                                   ;
; Device                          ; 5CEFA9F23C8                                 ;
; Timing Models                   ; Final                                       ;
; Logic utilization (in ALMs)     ; 908 / 113,560 ( < 1 % )                     ;
; Total registers                 ; 1222                                        ;
; Total pins                      ; 56 / 224 ( 25 % )                           ;
; Total virtual pins              ; 0                                           ;
; Total block memory bits         ; 327,680 / 12,492,800 ( 3 % )                ;
; Total DSP Blocks                ; 0 / 342 ( 0 % )                             ;
; Total HSSI RX PCSs              ; 0                                           ;
; Total HSSI PMA RX Deserializers ; 0                                           ;
; Total HSSI TX PCSs              ; 0                                           ;
; Total HSSI PMA TX Serializers   ; 0                                           ;
; Total PLLs                      ; 1 / 8 ( 13 % )                              ;
; Total DLLs                      ; 0 / 4 ( 0 % )                               ;
+---------------------------------+---------------------------------------------+


+-----------------------------------------+
; Flow Settings                           ;
+-------------------+---------------------+
; Option            ; Setting             ;
+-------------------+---------------------+
; Start date & time ; 12/08/2020 21:13:59 ;
; Main task         ; Compilation         ;
; Revision Name     ; Cyclone_V_revision  ;
+-------------------+---------------------+


+-----------------------------------------------------------------------------------------------------------------------------------------------+
; Flow Non-Default Global Settings                                                                                                              ;
+----------------------------------------+----------------------------------------+--------------------+-------------+--------------------------+
; Assignment Name                        ; Value                                  ; Default Value      ; Entity Name ; Section Id               ;
+----------------------------------------+----------------------------------------+--------------------+-------------+--------------------------+
; COMPILER_SIGNATURE_ID                  ; 246562424011852.160745123905196        ; --                 ; --          ; --                       ;
; EDA_DESIGN_INSTANCE_NAME               ; NA                                     ; --                 ; --          ; BION_top_without_aligner ;
; EDA_NATIVELINK_SIMULATION_SETUP_SCRIPT ; simulation/wave.do                     ; --                 ; --          ; eda_simulation           ;
; EDA_NATIVELINK_SIMULATION_TEST_BENCH   ; BION_top_without_aligner               ; --                 ; --          ; eda_simulation           ;
; EDA_OUTPUT_DATA_FORMAT                 ; Vhdl                                   ; --                 ; --          ; eda_simulation           ;
; EDA_SIMULATION_TOOL                    ; ModelSim-Altera (VHDL)                 ; <None>             ; --          ; --                       ;
; EDA_TEST_BENCH_ENABLE_STATUS           ; TEST_BENCH_MODE                        ; --                 ; --          ; eda_simulation           ;
; EDA_TEST_BENCH_FILE                    ; simulation/modelsim/BION_TOP_tst.vht   ; --                 ; --          ; BION_top_without_aligner ;
; EDA_TEST_BENCH_MODULE_NAME             ; BION_TOP_vhd_tst                       ; --                 ; --          ; BION_top_without_aligner ;
; EDA_TEST_BENCH_NAME                    ; BION_top_without_aligner               ; --                 ; --          ; eda_simulation           ;
; MAX_CORE_JUNCTION_TEMP                 ; 85                                     ; --                 ; --          ; --                       ;
; MIN_CORE_JUNCTION_TEMP                 ; 0                                      ; --                 ; --          ; --                       ;
; MISC_FILE                              ; Megafunctions/PLL.bsf                  ; --                 ; --          ; --                       ;
; MISC_FILE                              ; Megafunctions/PLL_inst.vhd             ; --                 ; --          ; --                       ;
; MISC_FILE                              ; Megafunctions/PLL.inc                  ; --                 ; --          ; --                       ;
; MISC_FILE                              ; Megafunctions/PLL.cmp                  ; --                 ; --          ; --                       ;
; MISC_FILE                              ; Megafunctions/PLL.ppf                  ; --                 ; --          ; --                       ;
; MISC_FILE                              ; Megafunctions/FIFO.bsf                 ; --                 ; --          ; --                       ;
; MISC_FILE                              ; Megafunctions/FIFO_inst.vhd            ; --                 ; --          ; --                       ;
; MISC_FILE                              ; Megafunctions/FIFO.cmp                 ; --                 ; --          ; --                       ;
; MISC_FILE                              ; Megafunctions/const.cmp                ; --                 ; --          ; --                       ;
; MISC_FILE                              ; RAM_2_ports.cmp                        ; --                 ; --          ; --                       ;
; PARTITION_COLOR                        ; -- (Not supported for targeted family) ; --                 ; BION_TOP    ; Top                      ;
; PARTITION_FITTER_PRESERVATION_LEVEL    ; -- (Not supported for targeted family) ; --                 ; BION_TOP    ; Top                      ;
; PARTITION_NETLIST_TYPE                 ; -- (Not supported for targeted family) ; --                 ; BION_TOP    ; Top                      ;
; POWER_BOARD_THERMAL_MODEL              ; None (CONSERVATIVE)                    ; --                 ; --          ; --                       ;
; POWER_PRESET_COOLING_SOLUTION          ; 23 MM HEAT SINK WITH 200 LFPM AIRFLOW  ; --                 ; --          ; --                       ;
; TOP_LEVEL_ENTITY                       ; BION_TOP                               ; Cyclone_V_revision ; --          ; --                       ;
+----------------------------------------+----------------------------------------+--------------------+-------------+--------------------------+


+--------------------------------------------------------------------------------------------------------------------------+
; Flow Elapsed Time                                                                                                        ;
+----------------------+--------------+-------------------------+---------------------+------------------------------------+
; Module Name          ; Elapsed Time ; Average Processors Used ; Peak Virtual Memory ; Total CPU Time (on all processors) ;
+----------------------+--------------+-------------------------+---------------------+------------------------------------+
; Analysis & Synthesis ; 00:00:28     ; 1.0                     ; 4934 MB             ; 00:00:46                           ;
; Fitter               ; 00:01:20     ; 1.1                     ; 7223 MB             ; 00:02:37                           ;
; Assembler            ; 00:00:14     ; 1.0                     ; 4870 MB             ; 00:00:14                           ;
; Timing Analyzer      ; 00:00:17     ; 1.3                     ; 5445 MB             ; 00:00:21                           ;
; EDA Netlist Writer   ; 00:00:04     ; 1.0                     ; 4943 MB             ; 00:00:04                           ;
; Total                ; 00:02:23     ; --                      ; --                  ; 00:04:02                           ;
+----------------------+--------------+-------------------------+---------------------+------------------------------------+


+------------------------------------------------------------------------------------+
; Flow OS Summary                                                                    ;
+----------------------+------------------+------------+------------+----------------+
; Module Name          ; Machine Hostname ; OS Name    ; OS Version ; Processor type ;
+----------------------+------------------+------------+------------+----------------+
; Analysis & Synthesis ; Dimka            ; Windows 10 ; 10.0       ; x86_64         ;
; Fitter               ; Dimka            ; Windows 10 ; 10.0       ; x86_64         ;
; Assembler            ; Dimka            ; Windows 10 ; 10.0       ; x86_64         ;
; Timing Analyzer      ; Dimka            ; Windows 10 ; 10.0       ; x86_64         ;
; EDA Netlist Writer   ; Dimka            ; Windows 10 ; 10.0       ; x86_64         ;
+----------------------+------------------+------------+------------+----------------+


------------
; Flow Log ;
------------
quartus_map --read_settings_files=on --write_settings_files=off KPA_usb_3_0 -c Cyclone_V_revision
quartus_fit --read_settings_files=off --write_settings_files=off KPA_usb_3_0 -c Cyclone_V_revision
quartus_asm --read_settings_files=off --write_settings_files=off KPA_usb_3_0 -c Cyclone_V_revision
quartus_sta KPA_usb_3_0 -c Cyclone_V_revision
quartus_eda --read_settings_files=off --write_settings_files=off KPA_usb_3_0 -c Cyclone_V_revision



