Assembler report for to_usb
Fri Nov 20 13:00:05 2020
Quartus Prime Version 19.1.0 Build 670 09/22/2019 SJ Lite Edition


---------------------
; Table of Contents ;
---------------------
  1. Legal Notice
  2. Assembler Summary
  3. Assembler Settings
  4. Assembler Encrypted IP Cores Summary
  5. Assembler Generated Files
  6. Assembler Device Options: D:/Dima/Desktop/USB_3_0_KPA/output_files/to_usb.sof
  7. Assembler Device Options: D:/Dima/Desktop/USB_3_0_KPA/output_files/to_usb.pof
  8. Assembler Messages



----------------
; Legal Notice ;
----------------
Copyright (C) 2019  Intel Corporation. All rights reserved.
Your use of Intel Corporation's design tools, logic functions 
and other software and tools, and any partner logic 
functions, and any output files from any of the foregoing 
(including device programming or simulation files), and any 
associated documentation or information are expressly subject 
to the terms and conditions of the Intel Program License 
Subscription Agreement, the Intel Quartus Prime License Agreement,
the Intel FPGA IP License Agreement, or other applicable license
agreement, including, without limitation, that your use is for
the sole purpose of programming logic devices manufactured by
Intel and sold by Intel or its authorized distributors.  Please
refer to the applicable agreement for further details, at
https://fpgasoftware.intel.com/eula.



+---------------------------------------------------------------+
; Assembler Summary                                             ;
+-----------------------+---------------------------------------+
; Assembler Status      ; Successful - Fri Nov 20 13:00:05 2020 ;
; Revision Name         ; to_usb                                ;
; Top-level Entity Name ; BION_TOP                              ;
; Family                ; Cyclone IV E                          ;
; Device                ; EP4CE22F17C6                          ;
+-----------------------+---------------------------------------+


+----------------------------------+
; Assembler Settings               ;
+--------+---------+---------------+
; Option ; Setting ; Default Value ;
+--------+---------+---------------+


+------------------------------------------------+
; Assembler Encrypted IP Cores Summary           ;
+--------+------------------------+--------------+
; Vendor ; IP Core Name           ; License Type ;
+--------+------------------------+--------------+
; Altera ; Signal Tap (6AF7 BCE1) ; Licensed     ;
; Altera ; Signal Tap (6AF7 BCEC) ; Licensed     ;
+--------+------------------------+--------------+


+-----------------------------------------------------+
; Assembler Generated Files                           ;
+-----------------------------------------------------+
; File Name                                           ;
+-----------------------------------------------------+
; D:/Dima/Desktop/USB_3_0_KPA/output_files/to_usb.sof ;
; D:/Dima/Desktop/USB_3_0_KPA/output_files/to_usb.pof ;
+-----------------------------------------------------+


+-------------------------------------------------------------------------------+
; Assembler Device Options: D:/Dima/Desktop/USB_3_0_KPA/output_files/to_usb.sof ;
+----------------+--------------------------------------------------------------+
; Option         ; Setting                                                      ;
+----------------+--------------------------------------------------------------+
; JTAG usercode  ; 0x00321440                                                   ;
; Checksum       ; 0x00321440                                                   ;
+----------------+--------------------------------------------------------------+


+-------------------------------------------------------------------------------+
; Assembler Device Options: D:/Dima/Desktop/USB_3_0_KPA/output_files/to_usb.pof ;
+--------------------+----------------------------------------------------------+
; Option             ; Setting                                                  ;
+--------------------+----------------------------------------------------------+
; JTAG usercode      ; 0x00000000                                               ;
; Checksum           ; 0x7C644DEE                                               ;
; Compression Ratio  ; 3                                                        ;
+--------------------+----------------------------------------------------------+


+--------------------+
; Assembler Messages ;
+--------------------+
Info: *******************************************************************
Info: Running Quartus Prime Assembler
    Info: Version 19.1.0 Build 670 09/22/2019 SJ Lite Edition
    Info: Processing started: Fri Nov 20 13:00:01 2020
Info: Command: quartus_asm --read_settings_files=off --write_settings_files=off to_usb -c to_usb
Warning (18236): Number of processors has not been specified which may cause overloading on shared machines.  Set the global assignment NUM_PARALLEL_PROCESSORS in your QSF to an appropriate value for best performance.
Info (115031): Writing out detailed assembly data for power analysis
Info (115030): Assembler is generating device programming files
Info: Quartus Prime Assembler was successful. 0 errors, 1 warning
    Info: Peak virtual memory: 4700 megabytes
    Info: Processing ended: Fri Nov 20 13:00:05 2020
    Info: Elapsed time: 00:00:04
    Info: Total CPU time (on all processors): 00:00:03


